<?xml version="1.0" encoding="UTF-8"?>
<!-- Generated by org.testng.reporters.JUnitReportReporter -->
<testsuite name="tests.Password_001" tests="1" time="12.061" ignored="1" failures="0" timestamp="02 Jan 2017 18:58:05 GMT" skipped="0" hostname="user-PC" errors="0">
  <testcase name="TC002_Forgot_Password_with_invalid_email" time="12.061" classname="tests.Password_001"/>
  <testcase name="TC001_Forgot_Password_with_valid_email" classname="tests.Password_001">
    <skipped/>
  </testcase> <!-- TC001_Forgot_Password_with_valid_email -->
</testsuite> <!-- tests.Password_001 -->
