<?xml version="1.0" encoding="UTF-8"?>
<!-- Generated by org.testng.reporters.JUnitReportReporter -->
<testsuite name="tests.Account_001" tests="2" time="63.256" ignored="0" failures="0" timestamp="02 Jan 2017 18:05:09 GMT" skipped="0" hostname="user-PC" errors="0">
  <testcase name="TC001_Able_to_logout_helloPay_account" time="32.352" classname="tests.Account_001"/>
  <testcase name="TC001_Able_to_create_new_account" time="30.904" classname="tests.Account_001"/>
</testsuite> <!-- tests.Account_001 -->
